<?xml version="1.0" encoding="UTF-8"?><testrun name="junitRunner" project="FreeCRMBDDFramework" tests="20" started="20" failures="0" errors="4" ignored="6">
  <testsuite name="Runner.junitRunner" time="20.052">
    <testsuite name="Feature: Create new contact" time="20.052">
      <testsuite name="Scenario Outline: Free CRM create new contact test" time="20.052">
        <testsuite name="Examples:" time="20.052">
          <testsuite name="| sharvutpat | prachi | Akshay | Kumar | Sales Manager |" time="6.277" incomplete="true">
            <error>org.openqa.selenium.NoSuchElementException: no such element: Unable to locate element: {"method":"class name","selector":"fieldset"}
  (Session info: chrome=63.0.3239.132)
  (Driver info: chromedriver=2.34.522940 (1a76f96f66e3ca7b8e57d503b4dd3bccfba87af1),platform=Windows NT 10.0.16299 x86_64) (WARNING: The server did not provide any stacktrace information)
Command duration or timeout: 0 milliseconds
For documentation on this error, please visit: http://seleniumhq.org/exceptions/no_such_element.html
Build info: version: '3.5.3', revision: 'a88d25fe6b', time: '2017-08-29T12:42:44.417Z'
System info: host: 'LAPTOP-O6IKD5AK', ip: '192.168.1.72', os.name: 'Windows 10', os.arch: 'amd64', os.version: '10.0', java.version: '1.8.0_151'
Driver info: org.openqa.selenium.chrome.ChromeDriver
Capabilities [{mobileEmulationEnabled=false, hasTouchScreen=false, platform=XP, acceptSslCerts=true, webStorageEnabled=true, browserName=chrome, takesScreenshot=true, javascriptEnabled=true, platformName=XP, setWindowRect=true, unexpectedAlertBehaviour=, applicationCacheEnabled=false, rotatable=false, networkConnectionEnabled=false, chrome={chromedriverVersion=2.34.522940 (1a76f96f66e3ca7b8e57d503b4dd3bccfba87af1), userDataDir=C:\Users\pautp\AppData\Local\Temp\scoped_dir29136_113}, takesHeapSnapshot=true, pageLoadStrategy=normal, unhandledPromptBehavior=, databaseEnabled=false, handlesAlerts=true, version=63.0.3239.132, browserConnectionEnabled=false, nativeEvents=true, locationContextEnabled=true, cssSelectorsEnabled=true}]
Session ID: b5c18807b370c36e2074a34454a5650b
*** Element info: {Using=class name, value=fieldset}&#13;
	at sun.reflect.NativeConstructorAccessorImpl.newInstance0(Native Method)&#13;
	at sun.reflect.NativeConstructorAccessorImpl.newInstance(Unknown Source)&#13;
	at sun.reflect.DelegatingConstructorAccessorImpl.newInstance(Unknown Source)&#13;
	at java.lang.reflect.Constructor.newInstance(Unknown Source)&#13;
	at org.openqa.selenium.remote.ErrorHandler.createThrowable(ErrorHandler.java:215)&#13;
	at org.openqa.selenium.remote.ErrorHandler.throwIfResponseFailed(ErrorHandler.java:167)&#13;
	at org.openqa.selenium.remote.http.JsonHttpResponseCodec.reconstructValue(JsonHttpResponseCodec.java:40)&#13;
	at org.openqa.selenium.remote.http.AbstractHttpResponseCodec.decode(AbstractHttpResponseCodec.java:82)&#13;
	at org.openqa.selenium.remote.http.AbstractHttpResponseCodec.decode(AbstractHttpResponseCodec.java:45)&#13;
	at org.openqa.selenium.remote.HttpCommandExecutor.execute(HttpCommandExecutor.java:164)&#13;
	at org.openqa.selenium.remote.service.DriverCommandExecutor.execute(DriverCommandExecutor.java:82)&#13;
	at org.openqa.selenium.remote.RemoteWebDriver.execute(RemoteWebDriver.java:646)&#13;
	at org.openqa.selenium.remote.RemoteWebDriver.findElement(RemoteWebDriver.java:416)&#13;
	at org.openqa.selenium.remote.RemoteWebDriver.findElementByClassName(RemoteWebDriver.java:502)&#13;
	at org.openqa.selenium.By$ByClassName.findElement(By.java:391)&#13;
	at org.openqa.selenium.remote.RemoteWebDriver.findElement(RemoteWebDriver.java:408)&#13;
	at StepDefinition.loginStepDefinition.create_new_contact_form_opens(loginStepDefinition.java:75)&#13;
	at ✽.Then Create new contact form opens(C:/Users/pautp/workspace/FreeCRMBDDFramework/src/main/java/Features/createContact.feature:13)&#13;
&#13;
</error>
            <testcase name="Given User is already on login page" classname="| sharvutpat | prachi | Akshay | Kumar | Sales Manager |" time="0.008"/>
            <testcase name="When title is Free CRM" classname="| sharvutpat | prachi | Akshay | Kumar | Sales Manager |" time="1.03"/>
            <testcase name="Then User enters &quot;sharvutpat&quot; and &quot;prachi&quot;" classname="| sharvutpat | prachi | Akshay | Kumar | Sales Manager |" time="4.659"/>
            <testcase name="Then User clicks on login button" classname="| sharvutpat | prachi | Akshay | Kumar | Sales Manager |" time="0.012"/>
            <testcase name="Then User is on home page" classname="| sharvutpat | prachi | Akshay | Kumar | Sales Manager |" time="0.518"/>
            <testcase name="When User clicks on Contact tab and select new contact" classname="| sharvutpat | prachi | Akshay | Kumar | Sales Manager |" time="0.046"/>
            <testcase name="Then Create new contact form opens" classname="| sharvutpat | prachi | Akshay | Kumar | Sales Manager |" time="0.004">
              <error>org.openqa.selenium.NoSuchElementException: no such element: Unable to locate element: {"method":"class name","selector":"fieldset"}
  (Session info: chrome=63.0.3239.132)
  (Driver info: chromedriver=2.34.522940 (1a76f96f66e3ca7b8e57d503b4dd3bccfba87af1),platform=Windows NT 10.0.16299 x86_64) (WARNING: The server did not provide any stacktrace information)
Command duration or timeout: 0 milliseconds
For documentation on this error, please visit: http://seleniumhq.org/exceptions/no_such_element.html
Build info: version: '3.5.3', revision: 'a88d25fe6b', time: '2017-08-29T12:42:44.417Z'
System info: host: 'LAPTOP-O6IKD5AK', ip: '192.168.1.72', os.name: 'Windows 10', os.arch: 'amd64', os.version: '10.0', java.version: '1.8.0_151'
Driver info: org.openqa.selenium.chrome.ChromeDriver
Capabilities [{mobileEmulationEnabled=false, hasTouchScreen=false, platform=XP, acceptSslCerts=true, webStorageEnabled=true, browserName=chrome, takesScreenshot=true, javascriptEnabled=true, platformName=XP, setWindowRect=true, unexpectedAlertBehaviour=, applicationCacheEnabled=false, rotatable=false, networkConnectionEnabled=false, chrome={chromedriverVersion=2.34.522940 (1a76f96f66e3ca7b8e57d503b4dd3bccfba87af1), userDataDir=C:\Users\pautp\AppData\Local\Temp\scoped_dir29136_113}, takesHeapSnapshot=true, pageLoadStrategy=normal, unhandledPromptBehavior=, databaseEnabled=false, handlesAlerts=true, version=63.0.3239.132, browserConnectionEnabled=false, nativeEvents=true, locationContextEnabled=true, cssSelectorsEnabled=true}]
Session ID: b5c18807b370c36e2074a34454a5650b
*** Element info: {Using=class name, value=fieldset}&#13;
	at sun.reflect.NativeConstructorAccessorImpl.newInstance0(Native Method)&#13;
	at sun.reflect.NativeConstructorAccessorImpl.newInstance(Unknown Source)&#13;
	at sun.reflect.DelegatingConstructorAccessorImpl.newInstance(Unknown Source)&#13;
	at java.lang.reflect.Constructor.newInstance(Unknown Source)&#13;
	at org.openqa.selenium.remote.ErrorHandler.createThrowable(ErrorHandler.java:215)&#13;
	at org.openqa.selenium.remote.ErrorHandler.throwIfResponseFailed(ErrorHandler.java:167)&#13;
	at org.openqa.selenium.remote.http.JsonHttpResponseCodec.reconstructValue(JsonHttpResponseCodec.java:40)&#13;
	at org.openqa.selenium.remote.http.AbstractHttpResponseCodec.decode(AbstractHttpResponseCodec.java:82)&#13;
	at org.openqa.selenium.remote.http.AbstractHttpResponseCodec.decode(AbstractHttpResponseCodec.java:45)&#13;
	at org.openqa.selenium.remote.HttpCommandExecutor.execute(HttpCommandExecutor.java:164)&#13;
	at org.openqa.selenium.remote.service.DriverCommandExecutor.execute(DriverCommandExecutor.java:82)&#13;
	at org.openqa.selenium.remote.RemoteWebDriver.execute(RemoteWebDriver.java:646)&#13;
	at org.openqa.selenium.remote.RemoteWebDriver.findElement(RemoteWebDriver.java:416)&#13;
	at org.openqa.selenium.remote.RemoteWebDriver.findElementByClassName(RemoteWebDriver.java:502)&#13;
	at org.openqa.selenium.By$ByClassName.findElement(By.java:391)&#13;
	at org.openqa.selenium.remote.RemoteWebDriver.findElement(RemoteWebDriver.java:408)&#13;
	at StepDefinition.loginStepDefinition.create_new_contact_form_opens(loginStepDefinition.java:75)&#13;
	at ✽.Then Create new contact form opens(C:/Users/pautp/workspace/FreeCRMBDDFramework/src/main/java/Features/createContact.feature:13)&#13;
&#13;
</error>
            </testcase>
            <testcase name="When User enters &quot;Akshay&quot; and &quot;Kumar&quot; and &quot;Sales Manager&quot;" classname="| sharvutpat | prachi | Akshay | Kumar | Sales Manager |" time="0.001" ignored="true"/>
            <testcase name="When User clicks on Save button" classname="| sharvutpat | prachi | Akshay | Kumar | Sales Manager |" time="0.003" ignored="true"/>
            <testcase name="Then Close the browser" classname="| sharvutpat | prachi | Akshay | Kumar | Sales Manager |" time="0.0" ignored="true"/>
          </testsuite>
          <testsuite name="| sharvutpat | prachi | Akshay | Khanna | Sales Director |" time="5.554" incomplete="true">
            <error>org.openqa.selenium.NoSuchElementException: no such element: Unable to locate element: {"method":"class name","selector":"fieldset"}
  (Session info: chrome=63.0.3239.132)
  (Driver info: chromedriver=2.34.522940 (1a76f96f66e3ca7b8e57d503b4dd3bccfba87af1),platform=Windows NT 10.0.16299 x86_64) (WARNING: The server did not provide any stacktrace information)
Command duration or timeout: 0 milliseconds
For documentation on this error, please visit: http://seleniumhq.org/exceptions/no_such_element.html
Build info: version: '3.5.3', revision: 'a88d25fe6b', time: '2017-08-29T12:42:44.417Z'
System info: host: 'LAPTOP-O6IKD5AK', ip: '192.168.1.72', os.name: 'Windows 10', os.arch: 'amd64', os.version: '10.0', java.version: '1.8.0_151'
Driver info: org.openqa.selenium.chrome.ChromeDriver
Capabilities [{mobileEmulationEnabled=false, hasTouchScreen=false, platform=XP, acceptSslCerts=true, webStorageEnabled=true, browserName=chrome, takesScreenshot=true, javascriptEnabled=true, platformName=XP, setWindowRect=true, unexpectedAlertBehaviour=, applicationCacheEnabled=false, rotatable=false, networkConnectionEnabled=false, chrome={chromedriverVersion=2.34.522940 (1a76f96f66e3ca7b8e57d503b4dd3bccfba87af1), userDataDir=C:\Users\pautp\AppData\Local\Temp\scoped_dir10888_18643}, takesHeapSnapshot=true, pageLoadStrategy=normal, unhandledPromptBehavior=, databaseEnabled=false, handlesAlerts=true, version=63.0.3239.132, browserConnectionEnabled=false, nativeEvents=true, locationContextEnabled=true, cssSelectorsEnabled=true}]
Session ID: c45936cad1ef8257de6c077b5e5a1d9f
*** Element info: {Using=class name, value=fieldset}&#13;
	at sun.reflect.NativeConstructorAccessorImpl.newInstance0(Native Method)&#13;
	at sun.reflect.NativeConstructorAccessorImpl.newInstance(Unknown Source)&#13;
	at sun.reflect.DelegatingConstructorAccessorImpl.newInstance(Unknown Source)&#13;
	at java.lang.reflect.Constructor.newInstance(Unknown Source)&#13;
	at org.openqa.selenium.remote.ErrorHandler.createThrowable(ErrorHandler.java:215)&#13;
	at org.openqa.selenium.remote.ErrorHandler.throwIfResponseFailed(ErrorHandler.java:167)&#13;
	at org.openqa.selenium.remote.http.JsonHttpResponseCodec.reconstructValue(JsonHttpResponseCodec.java:40)&#13;
	at org.openqa.selenium.remote.http.AbstractHttpResponseCodec.decode(AbstractHttpResponseCodec.java:82)&#13;
	at org.openqa.selenium.remote.http.AbstractHttpResponseCodec.decode(AbstractHttpResponseCodec.java:45)&#13;
	at org.openqa.selenium.remote.HttpCommandExecutor.execute(HttpCommandExecutor.java:164)&#13;
	at org.openqa.selenium.remote.service.DriverCommandExecutor.execute(DriverCommandExecutor.java:82)&#13;
	at org.openqa.selenium.remote.RemoteWebDriver.execute(RemoteWebDriver.java:646)&#13;
	at org.openqa.selenium.remote.RemoteWebDriver.findElement(RemoteWebDriver.java:416)&#13;
	at org.openqa.selenium.remote.RemoteWebDriver.findElementByClassName(RemoteWebDriver.java:502)&#13;
	at org.openqa.selenium.By$ByClassName.findElement(By.java:391)&#13;
	at org.openqa.selenium.remote.RemoteWebDriver.findElement(RemoteWebDriver.java:408)&#13;
	at StepDefinition.loginStepDefinition.create_new_contact_form_opens(loginStepDefinition.java:75)&#13;
	at ✽.Then Create new contact form opens(C:/Users/pautp/workspace/FreeCRMBDDFramework/src/main/java/Features/createContact.feature:13)&#13;
&#13;
</error>
            <testcase name="Given User is already on login page" classname="| sharvutpat | prachi | Akshay | Khanna | Sales Director |" time="0.009"/>
            <testcase name="When title is Free CRM" classname="| sharvutpat | prachi | Akshay | Khanna | Sales Director |" time="0.751"/>
            <testcase name="Then User enters &quot;sharvutpat&quot; and &quot;prachi&quot;" classname="| sharvutpat | prachi | Akshay | Khanna | Sales Director |" time="4.362"/>
            <testcase name="Then User clicks on login button" classname="| sharvutpat | prachi | Akshay | Khanna | Sales Director |" time="0.01"/>
            <testcase name="Then User is on home page" classname="| sharvutpat | prachi | Akshay | Khanna | Sales Director |" time="0.369"/>
            <testcase name="When User clicks on Contact tab and select new contact" classname="| sharvutpat | prachi | Akshay | Khanna | Sales Director |" time="0.051"/>
            <testcase name="Then Create new contact form opens" classname="| sharvutpat | prachi | Akshay | Khanna | Sales Director |" time="0.001">
              <error>org.openqa.selenium.NoSuchElementException: no such element: Unable to locate element: {"method":"class name","selector":"fieldset"}
  (Session info: chrome=63.0.3239.132)
  (Driver info: chromedriver=2.34.522940 (1a76f96f66e3ca7b8e57d503b4dd3bccfba87af1),platform=Windows NT 10.0.16299 x86_64) (WARNING: The server did not provide any stacktrace information)
Command duration or timeout: 0 milliseconds
For documentation on this error, please visit: http://seleniumhq.org/exceptions/no_such_element.html
Build info: version: '3.5.3', revision: 'a88d25fe6b', time: '2017-08-29T12:42:44.417Z'
System info: host: 'LAPTOP-O6IKD5AK', ip: '192.168.1.72', os.name: 'Windows 10', os.arch: 'amd64', os.version: '10.0', java.version: '1.8.0_151'
Driver info: org.openqa.selenium.chrome.ChromeDriver
Capabilities [{mobileEmulationEnabled=false, hasTouchScreen=false, platform=XP, acceptSslCerts=true, webStorageEnabled=true, browserName=chrome, takesScreenshot=true, javascriptEnabled=true, platformName=XP, setWindowRect=true, unexpectedAlertBehaviour=, applicationCacheEnabled=false, rotatable=false, networkConnectionEnabled=false, chrome={chromedriverVersion=2.34.522940 (1a76f96f66e3ca7b8e57d503b4dd3bccfba87af1), userDataDir=C:\Users\pautp\AppData\Local\Temp\scoped_dir10888_18643}, takesHeapSnapshot=true, pageLoadStrategy=normal, unhandledPromptBehavior=, databaseEnabled=false, handlesAlerts=true, version=63.0.3239.132, browserConnectionEnabled=false, nativeEvents=true, locationContextEnabled=true, cssSelectorsEnabled=true}]
Session ID: c45936cad1ef8257de6c077b5e5a1d9f
*** Element info: {Using=class name, value=fieldset}&#13;
	at sun.reflect.NativeConstructorAccessorImpl.newInstance0(Native Method)&#13;
	at sun.reflect.NativeConstructorAccessorImpl.newInstance(Unknown Source)&#13;
	at sun.reflect.DelegatingConstructorAccessorImpl.newInstance(Unknown Source)&#13;
	at java.lang.reflect.Constructor.newInstance(Unknown Source)&#13;
	at org.openqa.selenium.remote.ErrorHandler.createThrowable(ErrorHandler.java:215)&#13;
	at org.openqa.selenium.remote.ErrorHandler.throwIfResponseFailed(ErrorHandler.java:167)&#13;
	at org.openqa.selenium.remote.http.JsonHttpResponseCodec.reconstructValue(JsonHttpResponseCodec.java:40)&#13;
	at org.openqa.selenium.remote.http.AbstractHttpResponseCodec.decode(AbstractHttpResponseCodec.java:82)&#13;
	at org.openqa.selenium.remote.http.AbstractHttpResponseCodec.decode(AbstractHttpResponseCodec.java:45)&#13;
	at org.openqa.selenium.remote.HttpCommandExecutor.execute(HttpCommandExecutor.java:164)&#13;
	at org.openqa.selenium.remote.service.DriverCommandExecutor.execute(DriverCommandExecutor.java:82)&#13;
	at org.openqa.selenium.remote.RemoteWebDriver.execute(RemoteWebDriver.java:646)&#13;
	at org.openqa.selenium.remote.RemoteWebDriver.findElement(RemoteWebDriver.java:416)&#13;
	at org.openqa.selenium.remote.RemoteWebDriver.findElementByClassName(RemoteWebDriver.java:502)&#13;
	at org.openqa.selenium.By$ByClassName.findElement(By.java:391)&#13;
	at org.openqa.selenium.remote.RemoteWebDriver.findElement(RemoteWebDriver.java:408)&#13;
	at StepDefinition.loginStepDefinition.create_new_contact_form_opens(loginStepDefinition.java:75)&#13;
	at ✽.Then Create new contact form opens(C:/Users/pautp/workspace/FreeCRMBDDFramework/src/main/java/Features/createContact.feature:13)&#13;
&#13;
</error>
            </testcase>
            <testcase name="When User enters &quot;Akshay&quot; and &quot;Khanna&quot; and &quot;Sales Director&quot;" classname="| sharvutpat | prachi | Akshay | Khanna | Sales Director |" time="0.001" ignored="true"/>
            <testcase name="When User clicks on Save button" classname="| sharvutpat | prachi | Akshay | Khanna | Sales Director |" time="0.001" ignored="true"/>
            <testcase name="Then Close the browser" classname="| sharvutpat | prachi | Akshay | Khanna | Sales Director |" time="0.17" ignored="true"/>
          </testsuite>
        </testsuite>
      </testsuite>
    </testsuite>
  </testsuite>
</testrun>
